This file contains any messages produced by compilers while
running configure, to aid debugging if configure makes a mistake.

It was created by LogConcDEAD configure 1.5, which was
generated by GNU Autoconf 2.69.  Invocation command line was

  $ ./configure 

## --------- ##
## Platform. ##
## --------- ##

hostname = MacBook-Air-5.local
uname -m = x86_64
uname -r = 21.3.0
uname -s = Darwin
uname -v = Darwin Kernel Version 21.3.0: Wed Jan  5 21:37:58 PST 2022; root:xnu-8019.80.24~20/RELEASE_ARM64_T8101

/usr/bin/uname -p = i386
/bin/uname -X     = unknown

/bin/arch              = unknown
/usr/bin/arch -k       = unknown
/usr/convex/getsysinfo = unknown
/usr/bin/hostinfo      = Mach kernel version:
	 Darwin Kernel Version 21.3.0: Wed Jan  5 21:37:58 PST 2022; root:xnu-8019.80.24~20/RELEASE_ARM64_T8101
Kernel configured for up to 8 processors.
8 processors are physically available.
8 processors are logically available.
Processor type: i486 (Intel 80486)
Processors active: 0 1 2 3 4 5 6 7
Primary memory available: 16.00 gigabytes
Default processor set: 464 tasks, 2331 threads, 8 processors
Load average: 3.64, Mach factor: 4.35
/bin/machine           = unknown
/usr/bin/oslevel       = unknown
/bin/universe          = unknown

PATH: /usr/local/bin
PATH: /usr/bin
PATH: /bin
PATH: /usr/sbin
PATH: /sbin
PATH: /opt/X11/bin
PATH: /Users/user/Applications/quarto/bin
PATH: /Library/TeX/texbin
PATH: /usr/texbin
PATH: /Applications/RStudio.app/Contents/MacOS/quarto/bin
PATH: /Applications/RStudio.app/Contents/MacOS


## ----------- ##
## Core tests. ##
## ----------- ##

configure:1778: checking for gcc
configure:1805: result: clang -mmacosx-version-min=10.13
configure:2034: checking for C compiler version
configure:2043: clang -mmacosx-version-min=10.13 --version >&5
Apple clang version 13.0.0 (clang-1300.0.27.3)
Target: x86_64-apple-darwin21.3.0
Thread model: posix
InstalledDir: /Library/Developer/CommandLineTools/usr/bin
configure:2054: $? = 0
configure:2043: clang -mmacosx-version-min=10.13 -v >&5
Apple clang version 13.0.0 (clang-1300.0.27.3)
Target: x86_64-apple-darwin21.3.0
Thread model: posix
InstalledDir: /Library/Developer/CommandLineTools/usr/bin
clang: warning: argument unused during compilation: '-mmacosx-version-min=10.13' [-Wunused-command-line-argument]
configure:2054: $? = 0
configure:2043: clang -mmacosx-version-min=10.13 -V >&5
clang: error: argument to '-V' is missing (expected 1 value)
clang: error: no input files
configure:2054: $? = 1
configure:2043: clang -mmacosx-version-min=10.13 -qversion >&5
clang: error: unknown argument '-qversion'; did you mean '--version'?
clang: error: no input files
configure:2054: $? = 1
configure:2074: checking whether the C compiler works
configure:2096: clang -mmacosx-version-min=10.13 -Wall -g -O2   conftest.c  >&5
configure:2100: $? = 0
configure:2148: result: yes
configure:2151: checking for C compiler default output file name
configure:2153: result: a.out
configure:2159: checking for suffix of executables
configure:2166: clang -mmacosx-version-min=10.13 -o conftest -Wall -g -O2   conftest.c  >&5
configure:2170: $? = 0
configure:2192: result: 
configure:2214: checking whether we are cross compiling
configure:2222: clang -mmacosx-version-min=10.13 -o conftest -Wall -g -O2   conftest.c  >&5
configure:2226: $? = 0
configure:2233: ./conftest
configure:2237: $? = 0
configure:2252: result: no
configure:2257: checking for suffix of object files
configure:2279: clang -mmacosx-version-min=10.13 -c -Wall -g -O2  conftest.c >&5
configure:2283: $? = 0
configure:2304: result: o
configure:2308: checking whether we are using the GNU C compiler
configure:2327: clang -mmacosx-version-min=10.13 -c -Wall -g -O2  conftest.c >&5
configure:2327: $? = 0
configure:2336: result: yes
configure:2345: checking whether clang -mmacosx-version-min=10.13 accepts -g
configure:2365: clang -mmacosx-version-min=10.13 -c -g  conftest.c >&5
configure:2365: $? = 0
configure:2406: result: yes
configure:2423: checking for clang -mmacosx-version-min=10.13 option to accept ISO C89
configure:2486: clang -mmacosx-version-min=10.13  -c -Wall -g -O2  conftest.c >&5
configure:2486: $? = 0
configure:2499: result: none needed
configure:2537: clang -mmacosx-version-min=10.13 -c -Wall -g -O2 -fno-strict-aliasing  conftest.c >&5
configure:2537: $? = 0
configure:2548: checking whether clang -mmacosx-version-min=10.13 understands -fno-strict-aliasing
configure:2550: result: yes
configure:2709: creating ./config.status

## ---------------------- ##
## Running config.status. ##
## ---------------------- ##

This file was extended by LogConcDEAD config.status 1.5, which was
generated by GNU Autoconf 2.69.  Invocation command line was

  CONFIG_FILES    = 
  CONFIG_HEADERS  = 
  CONFIG_LINKS    = 
  CONFIG_COMMANDS = 
  $ ./config.status 

on MacBook-Air-5.local

config.status:720: creating src/Makevars

## ---------------- ##
## Cache variables. ##
## ---------------- ##

ac_cv_c_compiler_gnu=yes
ac_cv_env_CC_set=
ac_cv_env_CC_value=
ac_cv_env_CFLAGS_set=
ac_cv_env_CFLAGS_value=
ac_cv_env_CPPFLAGS_set=
ac_cv_env_CPPFLAGS_value=
ac_cv_env_LDFLAGS_set=
ac_cv_env_LDFLAGS_value=
ac_cv_env_LIBS_set=
ac_cv_env_LIBS_value=
ac_cv_env_build_alias_set=
ac_cv_env_build_alias_value=
ac_cv_env_host_alias_set=
ac_cv_env_host_alias_value=
ac_cv_env_target_alias_set=
ac_cv_env_target_alias_value=
ac_cv_objext=o
ac_cv_prog_ac_ct_CC='clang -mmacosx-version-min=10.13'
ac_cv_prog_cc_c89=
ac_cv_prog_cc_g=yes

## ----------------- ##
## Output variables. ##
## ----------------- ##

CC='clang -mmacosx-version-min=10.13'
CFLAGS='-Wall -g -O2 -fno-strict-aliasing'
CPPFLAGS=''
DEFS='-DPACKAGE_NAME=\"LogConcDEAD\" -DPACKAGE_TARNAME=\"logconcdead\" -DPACKAGE_VERSION=\"1.5\" -DPACKAGE_STRING=\"LogConcDEAD\ 1.5\" -DPACKAGE_BUGREPORT=\"\" -DPACKAGE_URL=\"\"'
ECHO_C='\c'
ECHO_N=''
ECHO_T=''
EXEEXT=''
LDFLAGS=''
LIBOBJS=''
LIBS=''
LTLIBOBJS=''
OBJEXT='o'
PACKAGE_BUGREPORT=''
PACKAGE_NAME='LogConcDEAD'
PACKAGE_STRING='LogConcDEAD 1.5'
PACKAGE_TARNAME='logconcdead'
PACKAGE_URL=''
PACKAGE_VERSION='1.5'
PATH_SEPARATOR=':'
PKG_CFLAGS=' -fno-strict-aliasing'
SHELL='/bin/sh'
ac_ct_CC='clang -mmacosx-version-min=10.13'
bindir='${exec_prefix}/bin'
build_alias=''
datadir='${datarootdir}'
datarootdir='${prefix}/share'
docdir='${datarootdir}/doc/${PACKAGE_TARNAME}'
dvidir='${docdir}'
exec_prefix='${prefix}'
host_alias=''
htmldir='${docdir}'
includedir='${prefix}/include'
infodir='${datarootdir}/info'
libdir='${exec_prefix}/lib'
libexecdir='${exec_prefix}/libexec'
localedir='${datarootdir}/locale'
localstatedir='${prefix}/var'
mandir='${datarootdir}/man'
oldincludedir='/usr/include'
pdfdir='${docdir}'
prefix='/usr/local'
program_transform_name='s,x,x,'
psdir='${docdir}'
sbindir='${exec_prefix}/sbin'
sharedstatedir='${prefix}/com'
sysconfdir='${prefix}/etc'
target_alias=''

## ----------- ##
## confdefs.h. ##
## ----------- ##

/* confdefs.h */
#define PACKAGE_NAME "LogConcDEAD"
#define PACKAGE_TARNAME "logconcdead"
#define PACKAGE_VERSION "1.5"
#define PACKAGE_STRING "LogConcDEAD 1.5"
#define PACKAGE_BUGREPORT ""
#define PACKAGE_URL ""

configure: exit 0
